2024-05-26 19:05:21,781 ERROR [org.springframework.kafka.KafkaListenerEndpointContainer#0-0-C-1] o.s.k.l.KafkaMessageListenerContainer [LogAccessor.java:149] Consumer exception
java.lang.IllegalStateException: This error handler cannot process 'org.apache.kafka.common.requests.CorrelationIdMismatchException's; no record information is available
	at org.springframework.kafka.listener.DefaultErrorHandler.handleOtherException(DefaultErrorHandler.java:157)
	at org.springframework.kafka.listener.KafkaMessageListenerContainer$ListenerConsumer.handleConsumerException(KafkaMessageListenerContainer.java:1814)
	at org.springframework.kafka.listener.KafkaMessageListenerContainer$ListenerConsumer.run(KafkaMessageListenerContainer.java:1303)
	at java.base/java.util.concurrent.Executors$RunnableAdapter.call(Executors.java:539)
	at java.base/java.util.concurrent.FutureTask.run(FutureTask.java:264)
	at java.base/java.lang.Thread.run(Thread.java:840)
Caused by: org.apache.kafka.common.requests.CorrelationIdMismatchException: Correlation id for response (1179651) does not match request (1), request header: RequestHeader(apiKey=API_VERSIONS, apiVersion=3, clientId=consumer-test-1, correlationId=1)
	at org.apache.kafka.common.requests.AbstractResponse.parseResponse(AbstractResponse.java:106)
	at org.apache.kafka.clients.NetworkClient.parseResponse(NetworkClient.java:729)
	at org.apache.kafka.clients.NetworkClient.handleCompletedReceives(NetworkClient.java:874)
	at org.apache.kafka.clients.NetworkClient.poll(NetworkClient.java:569)
	at org.apache.kafka.clients.consumer.internals.ConsumerNetworkClient.poll(ConsumerNetworkClient.java:265)
	at org.apache.kafka.clients.consumer.internals.ConsumerNetworkClient.poll(ConsumerNetworkClient.java:236)
	at org.apache.kafka.clients.consumer.internals.ConsumerNetworkClient.poll(ConsumerNetworkClient.java:227)
	at org.apache.kafka.clients.consumer.internals.ConsumerNetworkClient.awaitMetadataUpdate(ConsumerNetworkClient.java:164)
	at org.apache.kafka.clients.consumer.internals.AbstractCoordinator.ensureCoordinatorReady(AbstractCoordinator.java:258)
	at org.apache.kafka.clients.consumer.internals.ConsumerCoordinator.coordinatorUnknownAndUnready(ConsumerCoordinator.java:460)
	at org.apache.kafka.clients.consumer.internals.ConsumerCoordinator.poll(ConsumerCoordinator.java:488)
	at org.apache.kafka.clients.consumer.KafkaConsumer.updateAssignmentMetadataIfNeeded(KafkaConsumer.java:1262)
	at org.apache.kafka.clients.consumer.KafkaConsumer.poll(KafkaConsumer.java:1231)
	at org.apache.kafka.clients.consumer.KafkaConsumer.poll(KafkaConsumer.java:1211)
	at org.springframework.kafka.listener.KafkaMessageListenerContainer$ListenerConsumer.pollConsumer(KafkaMessageListenerContainer.java:1531)
	at org.springframework.kafka.listener.KafkaMessageListenerContainer$ListenerConsumer.doPoll(KafkaMessageListenerContainer.java:1521)
	at org.springframework.kafka.listener.KafkaMessageListenerContainer$ListenerConsumer.pollAndInvoke(KafkaMessageListenerContainer.java:1345)
	at org.springframework.kafka.listener.KafkaMessageListenerContainer$ListenerConsumer.run(KafkaMessageListenerContainer.java:1257)
	... 3 common frames omitted
