2024-03-09 19:48:08,260 INFO [SpringApplicationShutdownHook] c.z.h.HikariDataSource [HikariDataSource.java:347] HikariPool-1 - Shutdown initiated...
2024-03-09 19:48:08,279 INFO [SpringApplicationShutdownHook] c.z.h.HikariDataSource [HikariDataSource.java:349] HikariPool-1 - Shutdown completed.
2024-03-09 20:00:14,718 INFO [restartedMain] c.n.c.CommunityApplication [StartupInfoLogger.java:55] Starting CommunityApplication using Java 17.0.10 on cengxiaohuideMac-mini.local with PID 2384 (/Users/zenghui/IdeaProjects/community/target/classes started by zenghui in /Users/zenghui/IdeaProjects/community)
2024-03-09 20:00:14,719 INFO [restartedMain] c.n.c.CommunityApplication [SpringApplication.java:634] No active profile set, falling back to 1 default profile: "default"
2024-03-09 20:00:14,735 INFO [restartedMain] o.s.b.d.e.DevToolsPropertyDefaultsPostProcessor [DeferredLog.java:255] Devtools property defaults active! Set 'spring.devtools.add-properties' to 'false' to disable
2024-03-09 20:00:14,735 INFO [restartedMain] o.s.b.d.e.DevToolsPropertyDefaultsPostProcessor [DeferredLog.java:255] For additional web related logging consider setting the 'logging.level.web' property to 'DEBUG'
2024-03-09 20:00:15,151 INFO [restartedMain] o.s.b.w.e.t.TomcatWebServer [TomcatWebServer.java:108] Tomcat initialized with port(s): 8080 (http)
2024-03-09 20:00:15,155 INFO [restartedMain] o.a.c.h.Http11NioProtocol [DirectJDKLog.java:173] Initializing ProtocolHandler ["http-nio-8080"]
2024-03-09 20:00:15,156 INFO [restartedMain] o.a.c.c.StandardService [DirectJDKLog.java:173] Starting service [Tomcat]
2024-03-09 20:00:15,156 INFO [restartedMain] o.a.c.c.StandardEngine [DirectJDKLog.java:173] Starting Servlet engine: [Apache Tomcat/9.0.68]
2024-03-09 20:00:15,177 INFO [restartedMain] o.a.c.c.C.[.[.[/community] [DirectJDKLog.java:173] Initializing Spring embedded WebApplicationContext
2024-03-09 20:00:15,177 INFO [restartedMain] o.s.b.w.s.c.ServletWebServerApplicationContext [ServletWebServerApplicationContext.java:292] Root WebApplicationContext: initialization completed in 441 ms
2024-03-09 20:00:15,349 INFO [restartedMain] o.s.b.a.w.s.WelcomePageHandlerMapping [WelcomePageHandlerMapping.java:57] Adding welcome page template: index
2024-03-09 20:00:15,427 INFO [restartedMain] o.s.b.d.a.OptionalLiveReloadServer [OptionalLiveReloadServer.java:59] LiveReload server is running on port 35729
2024-03-09 20:00:15,435 INFO [restartedMain] o.a.c.h.Http11NioProtocol [DirectJDKLog.java:173] Starting ProtocolHandler ["http-nio-8080"]
2024-03-09 20:00:15,443 INFO [restartedMain] o.s.b.w.e.t.TomcatWebServer [TomcatWebServer.java:220] Tomcat started on port(s): 8080 (http) with context path '/community'
2024-03-09 20:00:15,449 INFO [restartedMain] c.n.c.CommunityApplication [StartupInfoLogger.java:61] Started CommunityApplication in 0.917 seconds (JVM running for 1.254)
2024-03-09 20:00:29,225 INFO [http-nio-8080-exec-3] o.a.c.c.C.[.[.[/community] [DirectJDKLog.java:173] Initializing Spring DispatcherServlet 'dispatcherServlet'
2024-03-09 20:00:29,227 INFO [http-nio-8080-exec-3] o.s.w.s.DispatcherServlet [FrameworkServlet.java:525] Initializing Servlet 'dispatcherServlet'
2024-03-09 20:00:29,234 INFO [http-nio-8080-exec-3] o.s.w.s.DispatcherServlet [FrameworkServlet.java:547] Completed initialization in 6 ms
2024-03-09 20:00:29,301 INFO [http-nio-8080-exec-3] c.z.h.HikariDataSource [HikariDataSource.java:95] HikariPool-1 - Starting...
2024-03-09 20:01:03,304 INFO [http-nio-8080-exec-4] c.z.h.HikariDataSource [HikariDataSource.java:95] HikariPool-1 - Starting...
2024-03-09 20:01:03,374 INFO [http-nio-8080-exec-4] c.z.h.HikariDataSource [HikariDataSource.java:107] HikariPool-1 - Start completed.
